<?xml version="1.0" encoding="UTF-8"?>
<!-- Generated by org.testng.reporters.JUnitXMLReporter -->
<testsuite ignored="0" hostname="DESKTOP-QMSQO3B" failures="0" tests="7" name="Default test" time="7.322" errors="0" timestamp="2021-12-14T09:58:50 IST">
  <testcase classname="com.parabank.testcases.ParaBankCustomerPageNavigation" name="validatingOpenNewAccountNavigation" time="0.559"/>
  <testcase classname="com.parabank.testcases.ParaBankCustomerPageNavigation" name="validatingAccountsOverviewNavigation" time="0.838"/>
  <testcase classname="com.parabank.testcases.ParaBankCustomerPageNavigation" name="validatingTransferFundsNavigation" time="0.51"/>
  <testcase classname="com.parabank.testcases.ParaBankCustomerPageNavigation" name="validatingBillPayNavigation" time="0.978"/>
  <testcase classname="com.parabank.testcases.ParaBankCustomerPageNavigation" name="validatingFindTransactionsNavigation" time="0.582"/>
  <testcase classname="com.parabank.testcases.ParaBankCustomerPageNavigation" name="validatingUpdateContactInfoNavigation" time="0.565"/>
  <testcase classname="com.parabank.testcases.ParaBankCustomerPageNavigation" name="validatingRequestLoanNavigation" time="0.49"/>
</testsuite> <!-- Default test -->
