<?xml version="1.0" encoding="UTF-8"?>
<testsuite xmlns:xsi="http://www.w3.org/2001/XMLSchema-instance" xsi:noNamespaceSchemaLocation="https://maven.apache.org/surefire/maven-surefire-plugin/xsd/surefire-test-report.xsd" name="TestSuite" time="100.695" tests="20" errors="0" skipped="0" failures="3">
  <properties>
[...]
</properties>
  <testcase name="validatingPythonForDataScienceNavigation" classname="com.nxtgenai.testcases.ScreenNavigation" time="2.964"/>
  <testcase name="validatingCourseCompletionCertificateNavigation" classname="com.nxtgenai.testcases.ScreenNavigation" time="2.633"/>
  <testcase name="validatingSeleniumOnlineTrainingNavigation" classname="com.nxtgenai.testcases.ScreenNavigation" time="3.656"/>
  <testcase name="validatingRegistrationFormNavigation" classname="com.nxtgenai.testcases.ScreenNavigation" time="3.084"/>
  <testcase name="validatingAlertPopUpNavigation" classname="com.nxtgenai.testcases.ScreenNavigation" time="2.977"/>
  <testcase name="validatingMultipleWindowsNavigation" classname="com.nxtgenai.testcases.ScreenNavigation" time="2.957"/>
  <testcase name="validatingWebTableNavigation" classname="com.nxtgenai.testcases.ScreenNavigation" time="2.77"/>
  <testcase name="validatingTechTalkNavigation" classname="com.nxtgenai.testcases.ScreenNavigation" time="2.778"/>
  <testcase name="validatingTestimonialsNavigation" classname="com.nxtgenai.testcases.ScreenNavigation" time="2.851"/>
  <testcase name="validatingNumPyNavigation" classname="com.nxtgenai.testcases.ScreenNavigation" time="2.998"/>
  <testcase name="validatingPandasNavigation" classname="com.nxtgenai.testcases.ScreenNavigation" time="2.652"/>
  <testcase name="registerUser" classname="com.nxtgenai.testcases.RegisterDemo" time="7.579"/>
  <testcase name="registerUser" classname="com.nxtgenai.testcases.RegisterDemo" time="7.543"/>
  <testcase name="validateAlertPopUp" classname="com.nxtgenai.testcases.HandlingPopUp" time="0.334"/>
  <testcase name="validateConfirmAlertPopUp" classname="com.nxtgenai.testcases.HandlingPopUp" time="0.2"/>
  <testcase name="validatePromptAlertPopUp" classname="com.nxtgenai.testcases.HandlingPopUp" time="5.05">
    <failure message="no such element: Unable to locate element: {&quot;method&quot;:&quot;xpath&quot;,&quot;selector&quot;:&quot;//button[contains(@name,&apos;1234promptalertbox&apos;)]&quot;}&#10;  (Session info: chrome=96.0.4664.93)&#10;For documentation on this error, please visit: https://www.seleniumhq.org/exceptions/no_such_element.html&#10;Build info: version: &apos;3.141.59&apos;, revision: &apos;e82be7d358&apos;, time: &apos;2018-11-14T08:17:03&apos;&#10;System info: host: &apos;DESKTOP-QMSQO3B&apos;, ip: &apos;192.168.1.10&apos;, os.name: &apos;Windows 10&apos;, os.arch: &apos;amd64&apos;, os.version: &apos;10.0&apos;, java.version: &apos;11.0.10&apos;&#10;Driver info: org.openqa.selenium.chrome.ChromeDriver&#10;Capabilities {acceptInsecureCerts: false, browserName: chrome, browserVersion: 96.0.4664.93, chrome: {chromedriverVersion: 96.0.4664.45 (76e4c1bb2ab46..., userDataDir: C:\Users\User\AppData\Local...}, goog:chromeOptions: {debuggerAddress: localhost:60026}, javascriptEnabled: true, networkConnectionEnabled: false, pageLoadStrategy: normal, platform: WINDOWS, platformName: WINDOWS, proxy: Proxy(), setWindowRect: true, strictFileInteractability: false, timeouts: {implicit: 0, pageLoad: 300000, script: 30000}, unhandledPromptBehavior: dismiss and notify, webauthn:extension:credBlob: true, webauthn:extension:largeBlob: true, webauthn:virtualAuthenticators: true}&#10;Session ID: 125557e352ceb47aac8f3569027fc3dd&#10;*** Element info: {Using=xpath, value=//button[contains(@name,&apos;1234promptalertbox&apos;)]}" type="org.openqa.selenium.NoSuchElementException">org.openqa.selenium.NoSuchElementException: 
no such element: Unable to locate element: {"method":"xpath","selector":"//button[contains(@name,'1234promptalertbox')]"}
  (Session info: chrome=96.0.4664.93)
For documentation on this error, please visit: https://www.seleniumhq.org/exceptions/no_such_element.html
Build info: version: '3.141.59', revision: 'e82be7d358', time: '2018-11-14T08:17:03'
System info: host: 'DESKTOP-QMSQO3B', ip: '192.168.1.10', os.name: 'Windows 10', os.arch: 'amd64', os.version: '10.0', java.version: '11.0.10'
Driver info: org.openqa.selenium.chrome.ChromeDriver
Capabilities {acceptInsecureCerts: false, browserName: chrome, browserVersion: 96.0.4664.93, chrome: {chromedriverVersion: 96.0.4664.45 (76e4c1bb2ab46..., userDataDir: C:\Users\User\AppData\Local...}, goog:chromeOptions: {debuggerAddress: localhost:60026}, javascriptEnabled: true, networkConnectionEnabled: false, pageLoadStrategy: normal, platform: WINDOWS, platformName: WINDOWS, proxy: Proxy(), setWindowRect: true, strictFileInteractability: false, timeouts: {implicit: 0, pageLoad: 300000, script: 30000}, unhandledPromptBehavior: dismiss and notify, webauthn:extension:credBlob: true, webauthn:extension:largeBlob: true, webauthn:virtualAuthenticators: true}
Session ID: 125557e352ceb47aac8f3569027fc3dd
*** Element info: {Using=xpath, value=//button[contains(@name,'1234promptalertbox')]}
	at com.nxtgenai.testcases.HandlingPopUp.validatePromptAlertPopUp(HandlingPopUp.java:41)
</failure>
  </testcase>
  <testcase name="handlingMultipleBrowsers" classname="com.nxtgenai.testcases.HandlingMultipleWindows" time="5.732"/>
  <testcase name="handlingMultipleTabs" classname="com.nxtgenai.testcases.HandlingMultipleWindows" time="6.328"/>
  <testcase name="handlingMultipleMessageWindow" classname="com.nxtgenai.testcases.HandlingMultipleWindows" time="7.032">
    <failure message="no such element: Unable to locate element: {&quot;method&quot;:&quot;xpath&quot;,&quot;selector&quot;:&quot;//button[contains(@name,&apos;4242newmessagewindow&apos;)]&quot;}&#10;  (Session info: chrome=96.0.4664.93)&#10;For documentation on this error, please visit: https://www.seleniumhq.org/exceptions/no_such_element.html&#10;Build info: version: &apos;3.141.59&apos;, revision: &apos;e82be7d358&apos;, time: &apos;2018-11-14T08:17:03&apos;&#10;System info: host: &apos;DESKTOP-QMSQO3B&apos;, ip: &apos;192.168.1.10&apos;, os.name: &apos;Windows 10&apos;, os.arch: &apos;amd64&apos;, os.version: &apos;10.0&apos;, java.version: &apos;11.0.10&apos;&#10;Driver info: org.openqa.selenium.chrome.ChromeDriver&#10;Capabilities {acceptInsecureCerts: false, browserName: chrome, browserVersion: 96.0.4664.93, chrome: {chromedriverVersion: 96.0.4664.45 (76e4c1bb2ab46..., userDataDir: C:\Users\User\AppData\Local...}, goog:chromeOptions: {debuggerAddress: localhost:60026}, javascriptEnabled: true, networkConnectionEnabled: false, pageLoadStrategy: normal, platform: WINDOWS, platformName: WINDOWS, proxy: Proxy(), setWindowRect: true, strictFileInteractability: false, timeouts: {implicit: 0, pageLoad: 300000, script: 30000}, unhandledPromptBehavior: dismiss and notify, webauthn:extension:credBlob: true, webauthn:extension:largeBlob: true, webauthn:virtualAuthenticators: true}&#10;Session ID: 125557e352ceb47aac8f3569027fc3dd&#10;*** Element info: {Using=xpath, value=//button[contains(@name,&apos;4242newmessagewindow&apos;)]}" type="org.openqa.selenium.NoSuchElementException">org.openqa.selenium.NoSuchElementException: 
no such element: Unable to locate element: {"method":"xpath","selector":"//button[contains(@name,'4242newmessagewindow')]"}
  (Session info: chrome=96.0.4664.93)
For documentation on this error, please visit: https://www.seleniumhq.org/exceptions/no_such_element.html
Build info: version: '3.141.59', revision: 'e82be7d358', time: '2018-11-14T08:17:03'
System info: host: 'DESKTOP-QMSQO3B', ip: '192.168.1.10', os.name: 'Windows 10', os.arch: 'amd64', os.version: '10.0', java.version: '11.0.10'
Driver info: org.openqa.selenium.chrome.ChromeDriver
Capabilities {acceptInsecureCerts: false, browserName: chrome, browserVersion: 96.0.4664.93, chrome: {chromedriverVersion: 96.0.4664.45 (76e4c1bb2ab46..., userDataDir: C:\Users\User\AppData\Local...}, goog:chromeOptions: {debuggerAddress: localhost:60026}, javascriptEnabled: true, networkConnectionEnabled: false, pageLoadStrategy: normal, platform: WINDOWS, platformName: WINDOWS, proxy: Proxy(), setWindowRect: true, strictFileInteractability: false, timeouts: {implicit: 0, pageLoad: 300000, script: 30000}, unhandledPromptBehavior: dismiss and notify, webauthn:extension:credBlob: true, webauthn:extension:largeBlob: true, webauthn:virtualAuthenticators: true}
Session ID: 125557e352ceb47aac8f3569027fc3dd
*** Element info: {Using=xpath, value=//button[contains(@name,'4242newmessagewindow')]}
	at com.nxtgenai.testcases.HandlingMultipleWindows.handlingMultipleMessageWindow(HandlingMultipleWindows.java:82)
</failure>
    <system-out><![CDATA[Page Navigated to Multiple Windows
]]></system-out>
  </testcase>
  <testcase name="displayEmployerDetails" classname="com.nxtgenai.testcases.HandingWebTable" time="5.585">
    <failure message="no such element: Unable to locate element: {&quot;method&quot;:&quot;xpath&quot;,&quot;selector&quot;:&quot;//*//table/tbody/tr[22]/td[10]&quot;}&#10;  (Session info: chrome=96.0.4664.93)&#10;For documentation on this error, please visit: https://www.seleniumhq.org/exceptions/no_such_element.html&#10;Build info: version: &apos;3.141.59&apos;, revision: &apos;e82be7d358&apos;, time: &apos;2018-11-14T08:17:03&apos;&#10;System info: host: &apos;DESKTOP-QMSQO3B&apos;, ip: &apos;192.168.1.10&apos;, os.name: &apos;Windows 10&apos;, os.arch: &apos;amd64&apos;, os.version: &apos;10.0&apos;, java.version: &apos;11.0.10&apos;&#10;Driver info: org.openqa.selenium.chrome.ChromeDriver&#10;Capabilities {acceptInsecureCerts: false, browserName: chrome, browserVersion: 96.0.4664.93, chrome: {chromedriverVersion: 96.0.4664.45 (76e4c1bb2ab46..., userDataDir: C:\Users\User\AppData\Local...}, goog:chromeOptions: {debuggerAddress: localhost:60026}, javascriptEnabled: true, networkConnectionEnabled: false, pageLoadStrategy: normal, platform: WINDOWS, platformName: WINDOWS, proxy: Proxy(), setWindowRect: true, strictFileInteractability: false, timeouts: {implicit: 0, pageLoad: 300000, script: 30000}, unhandledPromptBehavior: dismiss and notify, webauthn:extension:credBlob: true, webauthn:extension:largeBlob: true, webauthn:virtualAuthenticators: true}&#10;Session ID: 125557e352ceb47aac8f3569027fc3dd&#10;*** Element info: {Using=xpath, value=//*//table/tbody/tr[22]/td[10]}" type="org.openqa.selenium.NoSuchElementException">org.openqa.selenium.NoSuchElementException: 
no such element: Unable to locate element: {"method":"xpath","selector":"//*//table/tbody/tr[22]/td[10]"}
  (Session info: chrome=96.0.4664.93)
For documentation on this error, please visit: https://www.seleniumhq.org/exceptions/no_such_element.html
Build info: version: '3.141.59', revision: 'e82be7d358', time: '2018-11-14T08:17:03'
System info: host: 'DESKTOP-QMSQO3B', ip: '192.168.1.10', os.name: 'Windows 10', os.arch: 'amd64', os.version: '10.0', java.version: '11.0.10'
Driver info: org.openqa.selenium.chrome.ChromeDriver
Capabilities {acceptInsecureCerts: false, browserName: chrome, browserVersion: 96.0.4664.93, chrome: {chromedriverVersion: 96.0.4664.45 (76e4c1bb2ab46..., userDataDir: C:\Users\User\AppData\Local...}, goog:chromeOptions: {debuggerAddress: localhost:60026}, javascriptEnabled: true, networkConnectionEnabled: false, pageLoadStrategy: normal, platform: WINDOWS, platformName: WINDOWS, proxy: Proxy(), setWindowRect: true, strictFileInteractability: false, timeouts: {implicit: 0, pageLoad: 300000, script: 30000}, unhandledPromptBehavior: dismiss and notify, webauthn:extension:credBlob: true, webauthn:extension:largeBlob: true, webauthn:virtualAuthenticators: true}
Session ID: 125557e352ceb47aac8f3569027fc3dd
*** Element info: {Using=xpath, value=//*//table/tbody/tr[22]/td[10]}
	at com.nxtgenai.testcases.HandingWebTable.displayEmployerDetails(HandingWebTable.java:30)
</failure>
    <system-out><![CDATA[Page Navigated to Web Table
The Employer First Name is Sundar
The Employer Last Name is Pichai
The Employer Gender is Male
The Employer Date of Birth is July 12, 1972
The Employer Born Place is Chennai, TamilNadu, India
The Employer Designation is CEO of Alphabet and Google
The Employer Number is 101010
The Employer Salary is 20 lakhs USD
]]></system-out>
  </testcase>
</testsuite>